<?xml version="1.0" encoding="UTF-8"?>
<!-- Generated by org.testng.reporters.JUnitXMLReporter -->
<testsuite ignored="0" hostname="LAPTOP-VUK024DT" failures="0" tests="6" name="Default test" time="64.064" errors="0" timestamp="2023-09-07T12:50:04 IST">
  <testcase classname="testCases.TC_nopE_commerce_001" name="addToC" time="12.584"/>
  <testcase classname="testCases.TC_nopE_commerce_001" name="logIn" time="0.599"/>
  <testcase classname="testCases.TC_nopE_commerce_001" name="register" time="3.03"/>
  <testcase classname="testCases.TC_nopE_commerce_001" name="scroll" time="11.113"/>
  <testcase classname="testCases.TC_nopE_commerce_001" name="search" time="4.647"/>
  <testcase classname="testCases.TC_nopE_commerce_001" name="verifyLogin" time="3.999"/>
</testsuite> <!-- Default test -->
