<?xml version="1.0" encoding="UTF-8"?>
<testng-results ignored="0" total="6" passed="6" failed="0" skipped="0">
  <reporter-output>
  </reporter-output>
  <suite started-at="2023-09-07T12:49:00 IST" name="Default suite" finished-at="2023-09-07T12:50:04 IST" duration-ms="64064">
    <groups>
    </groups>
    <test started-at="2023-09-07T12:49:00 IST" name="Default test" finished-at="2023-09-07T12:50:04 IST" duration-ms="64064">
      <class name="testCases.TC_nopE_commerce_001">
        <test-method is-config="true" signature="beforeMethod()[pri:0, instance:testCases.TC_nopE_commerce_001@1349883]" started-at="2023-09-07T12:49:00 IST" name="beforeMethod" finished-at="2023-09-07T12:49:07 IST" duration-ms="7818" status="PASS">
          <reporter-output>
          </reporter-output>
        </test-method> <!-- beforeMethod -->
        <test-method signature="addToC()[pri:0, instance:testCases.TC_nopE_commerce_001@1349883]" started-at="2023-09-07T12:49:07 IST" name="addToC" finished-at="2023-09-07T12:49:20 IST" duration-ms="12584" status="PASS">
          <reporter-output>
          </reporter-output>
        </test-method> <!-- addToC -->
        <test-method is-config="true" signature="afterMethod()[pri:0, instance:testCases.TC_nopE_commerce_001@1349883]" started-at="2023-09-07T12:49:20 IST" name="afterMethod" finished-at="2023-09-07T12:49:20 IST" duration-ms="466" status="PASS">
          <reporter-output>
          </reporter-output>
        </test-method> <!-- afterMethod -->
        <test-method is-config="true" signature="beforeMethod()[pri:0, instance:testCases.TC_nopE_commerce_001@1349883]" started-at="2023-09-07T12:49:20 IST" name="beforeMethod" finished-at="2023-09-07T12:49:24 IST" duration-ms="3465" status="PASS">
          <reporter-output>
          </reporter-output>
        </test-method> <!-- beforeMethod -->
        <test-method signature="logIn()[pri:0, instance:testCases.TC_nopE_commerce_001@1349883]" started-at="2023-09-07T12:49:24 IST" name="logIn" finished-at="2023-09-07T12:49:25 IST" duration-ms="599" status="PASS">
          <reporter-output>
          </reporter-output>
        </test-method> <!-- logIn -->
        <test-method is-config="true" signature="afterMethod()[pri:0, instance:testCases.TC_nopE_commerce_001@1349883]" started-at="2023-09-07T12:49:25 IST" name="afterMethod" finished-at="2023-09-07T12:49:25 IST" duration-ms="613" status="PASS">
          <reporter-output>
          </reporter-output>
        </test-method> <!-- afterMethod -->
        <test-method is-config="true" signature="beforeMethod()[pri:0, instance:testCases.TC_nopE_commerce_001@1349883]" started-at="2023-09-07T12:49:25 IST" name="beforeMethod" finished-at="2023-09-07T12:49:28 IST" duration-ms="3023" status="PASS">
          <reporter-output>
          </reporter-output>
        </test-method> <!-- beforeMethod -->
        <test-method signature="register()[pri:0, instance:testCases.TC_nopE_commerce_001@1349883]" started-at="2023-09-07T12:49:28 IST" name="register" finished-at="2023-09-07T12:49:31 IST" duration-ms="3030" status="PASS">
          <reporter-output>
          </reporter-output>
        </test-method> <!-- register -->
        <test-method is-config="true" signature="afterMethod()[pri:0, instance:testCases.TC_nopE_commerce_001@1349883]" started-at="2023-09-07T12:49:31 IST" name="afterMethod" finished-at="2023-09-07T12:49:32 IST" duration-ms="634" status="PASS">
          <reporter-output>
          </reporter-output>
        </test-method> <!-- afterMethod -->
        <test-method is-config="true" signature="beforeMethod()[pri:0, instance:testCases.TC_nopE_commerce_001@1349883]" started-at="2023-09-07T12:49:32 IST" name="beforeMethod" finished-at="2023-09-07T12:49:36 IST" duration-ms="3980" status="PASS">
          <reporter-output>
          </reporter-output>
        </test-method> <!-- beforeMethod -->
        <test-method signature="scroll()[pri:0, instance:testCases.TC_nopE_commerce_001@1349883]" started-at="2023-09-07T12:49:36 IST" name="scroll" finished-at="2023-09-07T12:49:47 IST" duration-ms="11113" status="PASS">
          <reporter-output>
          </reporter-output>
        </test-method> <!-- scroll -->
        <test-method is-config="true" signature="afterMethod()[pri:0, instance:testCases.TC_nopE_commerce_001@1349883]" started-at="2023-09-07T12:49:47 IST" name="afterMethod" finished-at="2023-09-07T12:49:47 IST" duration-ms="524" status="PASS">
          <reporter-output>
          </reporter-output>
        </test-method> <!-- afterMethod -->
        <test-method is-config="true" signature="beforeMethod()[pri:0, instance:testCases.TC_nopE_commerce_001@1349883]" started-at="2023-09-07T12:49:48 IST" name="beforeMethod" finished-at="2023-09-07T12:49:50 IST" duration-ms="2754" status="PASS">
          <reporter-output>
          </reporter-output>
        </test-method> <!-- beforeMethod -->
        <test-method signature="search()[pri:0, instance:testCases.TC_nopE_commerce_001@1349883]" started-at="2023-09-07T12:49:50 IST" name="search" finished-at="2023-09-07T12:49:55 IST" duration-ms="4647" status="PASS">
          <reporter-output>
          </reporter-output>
        </test-method> <!-- search -->
        <test-method is-config="true" signature="afterMethod()[pri:0, instance:testCases.TC_nopE_commerce_001@1349883]" started-at="2023-09-07T12:49:55 IST" name="afterMethod" finished-at="2023-09-07T12:49:56 IST" duration-ms="641" status="PASS">
          <reporter-output>
          </reporter-output>
        </test-method> <!-- afterMethod -->
        <test-method is-config="true" signature="beforeMethod()[pri:0, instance:testCases.TC_nopE_commerce_001@1349883]" started-at="2023-09-07T12:49:56 IST" name="beforeMethod" finished-at="2023-09-07T12:49:59 IST" duration-ms="3542" status="PASS">
          <reporter-output>
          </reporter-output>
        </test-method> <!-- beforeMethod -->
        <test-method signature="verifyLogin()[pri:0, instance:testCases.TC_nopE_commerce_001@1349883]" started-at="2023-09-07T12:49:59 IST" name="verifyLogin" finished-at="2023-09-07T12:50:03 IST" duration-ms="3999" status="PASS">
          <reporter-output>
          </reporter-output>
        </test-method> <!-- verifyLogin -->
        <test-method is-config="true" signature="afterMethod()[pri:0, instance:testCases.TC_nopE_commerce_001@1349883]" started-at="2023-09-07T12:50:03 IST" name="afterMethod" finished-at="2023-09-07T12:50:04 IST" duration-ms="481" status="PASS">
          <reporter-output>
          </reporter-output>
        </test-method> <!-- afterMethod -->
      </class> <!-- testCases.TC_nopE_commerce_001 -->
    </test> <!-- Default test -->
  </suite> <!-- Default suite -->
</testng-results>
